Determining if the function kstat_lookup exists in the kstat failed with the following output:
Change Dir: /home/shubh/Desktop/libhotstuff/CMakeFiles/CMakeTmp

Run Build Command(s):/usr/bin/make cmTC_a60e3/fast && /usr/bin/make -f CMakeFiles/cmTC_a60e3.dir/build.make CMakeFiles/cmTC_a60e3.dir/build
make[1]: Entering directory '/home/shubh/Desktop/libhotstuff/CMakeFiles/CMakeTmp'
Building C object CMakeFiles/cmTC_a60e3.dir/CheckFunctionExists.c.o
/usr/bin/cc   -DCHECK_FUNCTION_EXISTS=kstat_lookup   -std=gnu11 -o CMakeFiles/cmTC_a60e3.dir/CheckFunctionExists.c.o   -c /usr/share/cmake-3.16/Modules/CheckFunctionExists.c
Linking C executable cmTC_a60e3
/usr/bin/cmake -E cmake_link_script CMakeFiles/cmTC_a60e3.dir/link.txt --verbose=1
/usr/bin/cc  -DCHECK_FUNCTION_EXISTS=kstat_lookup    CMakeFiles/cmTC_a60e3.dir/CheckFunctionExists.c.o  -o cmTC_a60e3   -L/home/shubh/Desktop/libhotstuff/CMakeFiles/CMakeTmp/kstat.h  -Wl,-rpath,/home/shubh/Desktop/libhotstuff/CMakeFiles/CMakeTmp/kstat.h -lkstat 
/usr/bin/ld: cannot find -lkstat
collect2: error: ld returned 1 exit status
make[1]: *** [CMakeFiles/cmTC_a60e3.dir/build.make:87: cmTC_a60e3] Error 1
make[1]: Leaving directory '/home/shubh/Desktop/libhotstuff/CMakeFiles/CMakeTmp'
make: *** [Makefile:121: cmTC_a60e3/fast] Error 2



Determining if the function kvm_open exists in the kvm failed with the following output:
Change Dir: /home/shubh/Desktop/libhotstuff/CMakeFiles/CMakeTmp

Run Build Command(s):/usr/bin/make cmTC_59c60/fast && /usr/bin/make -f CMakeFiles/cmTC_59c60.dir/build.make CMakeFiles/cmTC_59c60.dir/build
make[1]: Entering directory '/home/shubh/Desktop/libhotstuff/CMakeFiles/CMakeTmp'
Building C object CMakeFiles/cmTC_59c60.dir/CheckFunctionExists.c.o
/usr/bin/cc   -DCHECK_FUNCTION_EXISTS=kvm_open   -std=gnu11 -o CMakeFiles/cmTC_59c60.dir/CheckFunctionExists.c.o   -c /usr/share/cmake-3.16/Modules/CheckFunctionExists.c
Linking C executable cmTC_59c60
/usr/bin/cmake -E cmake_link_script CMakeFiles/cmTC_59c60.dir/link.txt --verbose=1
/usr/bin/cc  -DCHECK_FUNCTION_EXISTS=kvm_open    CMakeFiles/cmTC_59c60.dir/CheckFunctionExists.c.o  -o cmTC_59c60   -L/home/shubh/Desktop/libhotstuff/CMakeFiles/CMakeTmp/kvm.h  -Wl,-rpath,/home/shubh/Desktop/libhotstuff/CMakeFiles/CMakeTmp/kvm.h -lkvm 
/usr/bin/ld: cannot find -lkvm
collect2: error: ld returned 1 exit status
make[1]: *** [CMakeFiles/cmTC_59c60.dir/build.make:87: cmTC_59c60] Error 1
make[1]: Leaving directory '/home/shubh/Desktop/libhotstuff/CMakeFiles/CMakeTmp'
make: *** [Makefile:121: cmTC_59c60/fast] Error 2



Determining if the function perfstat_cpu exists in the perfstat failed with the following output:
Change Dir: /home/shubh/Desktop/libhotstuff/CMakeFiles/CMakeTmp

Run Build Command(s):/usr/bin/make cmTC_96eaf/fast && /usr/bin/make -f CMakeFiles/cmTC_96eaf.dir/build.make CMakeFiles/cmTC_96eaf.dir/build
make[1]: Entering directory '/home/shubh/Desktop/libhotstuff/CMakeFiles/CMakeTmp'
Building C object CMakeFiles/cmTC_96eaf.dir/CheckFunctionExists.c.o
/usr/bin/cc   -DCHECK_FUNCTION_EXISTS=perfstat_cpu   -std=gnu11 -o CMakeFiles/cmTC_96eaf.dir/CheckFunctionExists.c.o   -c /usr/share/cmake-3.16/Modules/CheckFunctionExists.c
Linking C executable cmTC_96eaf
/usr/bin/cmake -E cmake_link_script CMakeFiles/cmTC_96eaf.dir/link.txt --verbose=1
/usr/bin/cc  -DCHECK_FUNCTION_EXISTS=perfstat_cpu    CMakeFiles/cmTC_96eaf.dir/CheckFunctionExists.c.o  -o cmTC_96eaf   -L/home/shubh/Desktop/libhotstuff/CMakeFiles/CMakeTmp/libperfstat.h  -Wl,-rpath,/home/shubh/Desktop/libhotstuff/CMakeFiles/CMakeTmp/libperfstat.h -lperfstat 
/usr/bin/ld: cannot find -lperfstat
collect2: error: ld returned 1 exit status
make[1]: *** [CMakeFiles/cmTC_96eaf.dir/build.make:87: cmTC_96eaf] Error 1
make[1]: Leaving directory '/home/shubh/Desktop/libhotstuff/CMakeFiles/CMakeTmp'
make: *** [Makefile:121: cmTC_96eaf/fast] Error 2



Determining if the function sendfile exists in the sendfile failed with the following output:
Change Dir: /home/shubh/Desktop/libhotstuff/CMakeFiles/CMakeTmp

Run Build Command(s):/usr/bin/make cmTC_469b0/fast && /usr/bin/make -f CMakeFiles/cmTC_469b0.dir/build.make CMakeFiles/cmTC_469b0.dir/build
make[1]: Entering directory '/home/shubh/Desktop/libhotstuff/CMakeFiles/CMakeTmp'
Building C object CMakeFiles/cmTC_469b0.dir/CheckFunctionExists.c.o
/usr/bin/cc   -DCHECK_FUNCTION_EXISTS=sendfile   -std=gnu11 -o CMakeFiles/cmTC_469b0.dir/CheckFunctionExists.c.o   -c /usr/share/cmake-3.16/Modules/CheckFunctionExists.c
Linking C executable cmTC_469b0
/usr/bin/cmake -E cmake_link_script CMakeFiles/cmTC_469b0.dir/link.txt --verbose=1
/usr/bin/cc  -DCHECK_FUNCTION_EXISTS=sendfile    CMakeFiles/cmTC_469b0.dir/CheckFunctionExists.c.o  -o cmTC_469b0  -lsendfile 
/usr/bin/ld: cannot find -lsendfile
collect2: error: ld returned 1 exit status
make[1]: *** [CMakeFiles/cmTC_469b0.dir/build.make:87: cmTC_469b0] Error 1
make[1]: Leaving directory '/home/shubh/Desktop/libhotstuff/CMakeFiles/CMakeTmp'
make: *** [Makefile:121: cmTC_469b0/fast] Error 2



Performing C SOURCE FILE Test CMAKE_HAVE_LIBC_PTHREAD failed with the following output:
Change Dir: /home/shubh/Desktop/libhotstuff/CMakeFiles/CMakeTmp

Run Build Command(s):/usr/bin/make cmTC_cd0b5/fast && /usr/bin/make -f CMakeFiles/cmTC_cd0b5.dir/build.make CMakeFiles/cmTC_cd0b5.dir/build
make[1]: Entering directory '/home/shubh/Desktop/libhotstuff/CMakeFiles/CMakeTmp'
Building C object CMakeFiles/cmTC_cd0b5.dir/src.c.o
/usr/bin/cc   -DCMAKE_HAVE_LIBC_PTHREAD   -o CMakeFiles/cmTC_cd0b5.dir/src.c.o   -c /home/shubh/Desktop/libhotstuff/CMakeFiles/CMakeTmp/src.c
Linking C executable cmTC_cd0b5
/usr/bin/cmake -E cmake_link_script CMakeFiles/cmTC_cd0b5.dir/link.txt --verbose=1
/usr/bin/cc  -DCMAKE_HAVE_LIBC_PTHREAD    CMakeFiles/cmTC_cd0b5.dir/src.c.o  -o cmTC_cd0b5 
/usr/bin/ld: CMakeFiles/cmTC_cd0b5.dir/src.c.o: in function `main':
src.c:(.text+0x46): undefined reference to `pthread_create'
/usr/bin/ld: src.c:(.text+0x52): undefined reference to `pthread_detach'
/usr/bin/ld: src.c:(.text+0x63): undefined reference to `pthread_join'
collect2: error: ld returned 1 exit status
make[1]: *** [CMakeFiles/cmTC_cd0b5.dir/build.make:87: cmTC_cd0b5] Error 1
make[1]: Leaving directory '/home/shubh/Desktop/libhotstuff/CMakeFiles/CMakeTmp'
make: *** [Makefile:121: cmTC_cd0b5/fast] Error 2


Source file was:
#include <pthread.h>

void* test_func(void* data)
{
  return data;
}

int main(void)
{
  pthread_t thread;
  pthread_create(&thread, NULL, test_func, NULL);
  pthread_detach(thread);
  pthread_join(thread, NULL);
  pthread_atfork(NULL, NULL, NULL);
  pthread_exit(NULL);

  return 0;
}

Determining if the function pthread_create exists in the pthreads failed with the following output:
Change Dir: /home/shubh/Desktop/libhotstuff/CMakeFiles/CMakeTmp

Run Build Command(s):/usr/bin/make cmTC_2deb7/fast && /usr/bin/make -f CMakeFiles/cmTC_2deb7.dir/build.make CMakeFiles/cmTC_2deb7.dir/build
make[1]: Entering directory '/home/shubh/Desktop/libhotstuff/CMakeFiles/CMakeTmp'
Building C object CMakeFiles/cmTC_2deb7.dir/CheckFunctionExists.c.o
/usr/bin/cc   -DCHECK_FUNCTION_EXISTS=pthread_create   -o CMakeFiles/cmTC_2deb7.dir/CheckFunctionExists.c.o   -c /usr/share/cmake-3.16/Modules/CheckFunctionExists.c
Linking C executable cmTC_2deb7
/usr/bin/cmake -E cmake_link_script CMakeFiles/cmTC_2deb7.dir/link.txt --verbose=1
/usr/bin/cc  -DCHECK_FUNCTION_EXISTS=pthread_create    CMakeFiles/cmTC_2deb7.dir/CheckFunctionExists.c.o  -o cmTC_2deb7  -lpthreads 
/usr/bin/ld: cannot find -lpthreads
collect2: error: ld returned 1 exit status
make[1]: *** [CMakeFiles/cmTC_2deb7.dir/build.make:87: cmTC_2deb7] Error 1
make[1]: Leaving directory '/home/shubh/Desktop/libhotstuff/CMakeFiles/CMakeTmp'
make: *** [Makefile:121: cmTC_2deb7/fast] Error 2



